talker/build/outputs/apk/manifest-merger-indigo-debug-report.txt
-- Merging decision tree log ---
manifest
ADDED from AndroidManifest.xml:2:1
	package
		ADDED from AndroidManifest.xml:3:11
		INJECTED from AndroidManifest.xml:0:0
		INJECTED from AndroidManifest.xml:0:0
	android:versionName
		INJECTED from AndroidManifest.xml:0:0
		INJECTED from AndroidManifest.xml:0:0
	xmlns:tools
		ADDED from AndroidManifest.xml:4:11
	xmlns:android
		ADDED from AndroidManifest.xml:2:11
	android:versionCode
		INJECTED from AndroidManifest.xml:0:0
		INJECTED from AndroidManifest.xml:0:0
uses-permission#android.permission.INTERNET
ADDED from AndroidManifest.xml:6:1
	android:name
		ADDED from AndroidManifest.xml:6:18
uses-permission#android.permission.WAKE_LOCK
ADDED from AndroidManifest.xml:7:1
MERGED from org.ros.android_core:android_10:0.2.0:15:5
MERGED from org.ros.android_core:android_10:0.2.0:15:5
	android:name
		ADDED from AndroidManifest.xml:7:18
application
ADDED from AndroidManifest.xml:9:1
MERGED from org.ros.android_core:android_10:0.2.0:18:5
MERGED from org.ros.android_core:android_10:0.2.0:18:5
	android:label
		ADDED from AndroidManifest.xml:9:14
		REJECTED from org.ros.android_core:android_10:0.2.0:20:9
		REJECTED from org.ros.android_core:android_10:0.2.0:20:9
	android:icon
		ADDED from AndroidManifest.xml:10:14
		REJECTED from org.ros.android_core:android_10:0.2.0:19:9
		REJECTED from org.ros.android_core:android_10:0.2.0:19:9
	tools:replace
		ADDED from AndroidManifest.xml:11:14
activity#com.github.rosjava.android_remocons.talker.Talker
ADDED from AndroidManifest.xml:12:5
	android:label
		ADDED from AndroidManifest.xml:13:9
	android:name
		ADDED from AndroidManifest.xml:12:15
intent-filter#android.intent.action.MAIN+android.intent.category.LAUNCHER
ADDED from AndroidManifest.xml:14:9
action#android.intent.action.MAIN
ADDED from AndroidManifest.xml:15:13
	android:name
		ADDED from AndroidManifest.xml:15:21
category#android.intent.category.LAUNCHER
ADDED from AndroidManifest.xml:16:13
	android:name
		ADDED from AndroidManifest.xml:16:23
intent-filter#android.intent.category.DEFAULT+com.github.rosjava.android_remocons.talker.Talker
ADDED from AndroidManifest.xml:18:9
action#com.github.rosjava.android_remocons.talker.Talker
ADDED from AndroidManifest.xml:19:13
	android:name
		ADDED from AndroidManifest.xml:19:21
category#android.intent.category.DEFAULT
ADDED from AndroidManifest.xml:20:13
	android:name
		ADDED from AndroidManifest.xml:20:23
activity#org.ros.android.MasterChooser
ADDED from AndroidManifest.xml:24:5
MERGED from org.ros.android_core:android_10:0.2.0:21:9
MERGED from org.ros.android_core:android_10:0.2.0:21:9
	android:label
		ADDED from org.ros.android_core:android_10:0.2.0:23:13
	android:launchMode
		ADDED from org.ros.android_core:android_10:0.2.0:24:13
	android:name
		ADDED from AndroidManifest.xml:24:15
service#org.ros.android.NodeMainExecutorService
ADDED from AndroidManifest.xml:26:5
MERGED from org.ros.android_core:android_10:0.2.0:26:9
MERGED from org.ros.android_core:android_10:0.2.0:26:9
	tools:ignore
		ADDED from org.ros.android_core:android_10:0.2.0:28:13
	android:name
		ADDED from AndroidManifest.xml:26:14
intent-filter#org.ros.android.NodeMainExecutorService
ADDED from AndroidManifest.xml:27:9
action#org.ros.android.NodeMainExecutorService
ADDED from AndroidManifest.xml:28:13
	android:name
		ADDED from AndroidManifest.xml:28:21
uses-sdk
INJECTED from AndroidManifest.xml:0:0 reason: use-sdk injection requested
MERGED from org.ros.android_core:android_10:0.2.0:8:5
MERGED from com.github.rosjava.android_remocons:common_tools:0.2.0:8:5
MERGED from org.ros.android_core:android_10:0.2.0:8:5
MERGED from com.github.rosjava.android_extras:gingerbread:0.2.0:8:5
MERGED from com.github.rosjava.android_extras:zxing:0.2.0:7:5
	android:targetSdkVersion
		INJECTED from AndroidManifest.xml:0:0
		INJECTED from AndroidManifest.xml:0:0
	android:minSdkVersion
		INJECTED from AndroidManifest.xml:0:0
		INJECTED from AndroidManifest.xml:0:0
uses-permission#android.permission.WRITE_EXTERNAL_STORAGE
ADDED from org.ros.android_core:android_10:0.2.0:12:5
MERGED from org.ros.android_core:android_10:0.2.0:12:5
	android:name
		ADDED from org.ros.android_core:android_10:0.2.0:12:22
uses-permission#android.permission.ACCESS_WIFI_STATE
ADDED from org.ros.android_core:android_10:0.2.0:13:5
MERGED from org.ros.android_core:android_10:0.2.0:13:5
	android:name
		ADDED from org.ros.android_core:android_10:0.2.0:13:22
uses-permission#android.permission.CHANGE_WIFI_STATE
ADDED from org.ros.android_core:android_10:0.2.0:14:5
MERGED from org.ros.android_core:android_10:0.2.0:14:5
	android:name
		ADDED from org.ros.android_core:android_10:0.2.0:14:22
uses-permission#android.permission.SYSTEM_ALERT_WINDOW
ADDED from org.ros.android_core:android_10:0.2.0:16:5
MERGED from org.ros.android_core:android_10:0.2.0:16:5
	android:name
		ADDED from org.ros.android_core:android_10:0.2.0:16:22
android:uses-permission#android.permission.READ_EXTERNAL_STORAGE
IMPLIED from AndroidManifest.xml:2:1 reason: org.ros.android.android_10 requested WRITE_EXTERNAL_STORAGE